[    1755ms] [ERROR] Props of sd-basket-highlight fragment is not present! @ https://cdn.dsmcdn.com/sfweb-checkout/master/sd-basket-highlight.bundle.b0b736e9.js:0
[    1948ms] [ERROR] Props of web-navigation-account-menu fragment is not present! @ https://cdn.dsmcdn.com/sfweb-account-order/master/web-navigation-account-menu.bundle.0ca2f2c3.js:0
[    1994ms] [LOG] KBT "RemoveFromBasket" initialized successfully. @ https://cdn.dsmcdn.com/sfx/mergen/0.12.0/errors.Do84N2pE.js:0
[    1996ms] [LOG] Ring check is less than one hour 1783681125171 @ https://cdn.dsmcdn.com/sfx/mergen/0.12.0/errors.Do84N2pE.js:0
[    1997ms] [LOG] KBT "AddToBasket" initialized successfully. @ https://cdn.dsmcdn.com/sfx/mergen/0.12.0/errors.Do84N2pE.js:0
[   11372ms] [WARNING] The resource https://cdn.dsmcdn.com/sfweb-browsing/images/free-shipping-badge.svg was preloaded using link preload but not used within a few seconds from the window's load event. Please make sure it has an appropriate `as` value and it is preloaded intentionally. @ https://www.trendyol.com/:0
[   11373ms] [WARNING] The resource https://cdn.dsmcdn.com/sfweb-browsing/images/flash_sale_double_1724224659182.svg was preloaded using link preload but not used within a few seconds from the window's load event. Please make sure it has an appropriate `as` value and it is preloaded intentionally. @ https://www.trendyol.com/:0
[   11373ms] [WARNING] The resource https://cdn.dsmcdn.com/sfweb-browsing/images/chevron_left_1673961834064.svg was preloaded using link preload but not used within a few seconds from the window's load event. Please make sure it has an appropriate `as` value and it is preloaded intentionally. @ https://www.trendyol.com/:0
[   11374ms] [WARNING] The resource https://cdn.dsmcdn.com/sfweb-browsing/images/ticket_1668501636309.svg was preloaded using link preload but not used within a few seconds from the window's load event. Please make sure it has an appropriate `as` value and it is preloaded intentionally. @ https://www.trendyol.com/:0
[   11374ms] [WARNING] The resource https://cdn.dsmcdn.com/sfweb-browsing/images/coupon-badge.svg was preloaded using link preload but not used within a few seconds from the window's load event. Please make sure it has an appropriate `as` value and it is preloaded intentionally. @ https://www.trendyol.com/:0
[   11374ms] [WARNING] The resource https://cdn.dsmcdn.com/sfweb-browsing/images/trendyol-logo_1688566375861.svg was preloaded using link preload but not used within a few seconds from the window's load event. Please make sure it has an appropriate `as` value and it is preloaded intentionally. @ https://www.trendyol.com/:0
[   11374ms] [WARNING] The resource https://cdn.dsmcdn.com/sfweb-browsing/images/applink-qr_1688509787915.svg was preloaded using link preload but not used within a few seconds from the window's load event. Please make sure it has an appropriate `as` value and it is preloaded intentionally. @ https://www.trendyol.com/:0
[   11374ms] [WARNING] The resource https://cdn.dsmcdn.com/sfweb-browsing/images/image_placeholder_1667898087975.svg was preloaded using link preload but not used within a few seconds from the window's load event. Please make sure it has an appropriate `as` value and it is preloaded intentionally. @ https://www.trendyol.com/:0
[   11374ms] [WARNING] The resource https://cdn.dsmcdn.com/sfweb-browsing/images/right-arrow-666_1681212527349.svg was preloaded using link preload but not used within a few seconds from the window's load event. Please make sure it has an appropriate `as` value and it is preloaded intentionally. @ https://www.trendyol.com/:0
[   11374ms] [WARNING] The resource https://cdn.dsmcdn.com/sfweb-browsing/images/chevron_right_1664873821482.svg was preloaded using link preload but not used within a few seconds from the window's load event. Please make sure it has an appropriate `as` value and it is preloaded intentionally. @ https://www.trendyol.com/:0
[   11374ms] [WARNING] The resource https://cdn.dsmcdn.com/sfweb-browsing/images/phone_1688466833841.svg was preloaded using link preload but not used within a few seconds from the window's load event. Please make sure it has an appropriate `as` value and it is preloaded intentionally. @ https://www.trendyol.com/:0
[   11375ms] [WARNING] The resource https://cdn.dsmcdn.com/sfweb-browsing/images/favorite-full_1710931888359.svg was preloaded using link preload but not used within a few seconds from the window's load event. Please make sure it has an appropriate `as` value and it is preloaded intentionally. @ https://www.trendyol.com/:0
[   11375ms] [WARNING] The resource https://cdn.dsmcdn.com/sfweb-browsing/images/favorite-empty_1710931888359.svg was preloaded using link preload but not used within a few seconds from the window's load event. Please make sure it has an appropriate `as` value and it is preloaded intentionally. @ https://www.trendyol.com/:0
[   11375ms] [WARNING] The resource https://cdn.dsmcdn.com/sfweb-browsing/images/ticket-badge.svg was preloaded using link preload but not used within a few seconds from the window's load event. Please make sure it has an appropriate `as` value and it is preloaded intentionally. @ https://www.trendyol.com/:0
[   11375ms] [WARNING] The resource https://cdn.dsmcdn.com/sfweb-browsing/images/default_placeholder.5b423338f74da23338e49ead05d8c6d5.jpg was preloaded using link preload but not used within a few seconds from the window's load event. Please make sure it has an appropriate `as` value and it is preloaded intentionally. @ https://www.trendyol.com/:0
[   17173ms] [WARNING] The resource https://cdn.dsmcdn.com/sfweb-browsing/images/free-shipping-badge.svg was preloaded using link preload but not used within a few seconds from the window's load event. Please make sure it has an appropriate `as` value and it is preloaded intentionally. @ https://www.trendyol.com/:0
[   17174ms] [WARNING] The resource https://cdn.dsmcdn.com/sfweb-browsing/images/flash_sale_double_1724224659182.svg was preloaded using link preload but not used within a few seconds from the window's load event. Please make sure it has an appropriate `as` value and it is preloaded intentionally. @ https://www.trendyol.com/:0
[   17174ms] [WARNING] The resource https://cdn.dsmcdn.com/sfweb-browsing/images/chevron_left_1673961834064.svg was preloaded using link preload but not used within a few seconds from the window's load event. Please make sure it has an appropriate `as` value and it is preloaded intentionally. @ https://www.trendyol.com/:0
[   17174ms] [WARNING] The resource https://cdn.dsmcdn.com/sfweb-browsing/images/ticket_1668501636309.svg was preloaded using link preload but not used within a few seconds from the window's load event. Please make sure it has an appropriate `as` value and it is preloaded intentionally. @ https://www.trendyol.com/:0
[   17174ms] [WARNING] The resource https://cdn.dsmcdn.com/sfweb-browsing/images/coupon-badge.svg was preloaded using link preload but not used within a few seconds from the window's load event. Please make sure it has an appropriate `as` value and it is preloaded intentionally. @ https://www.trendyol.com/:0
[   17174ms] [WARNING] The resource https://cdn.dsmcdn.com/sfweb-browsing/images/trendyol-logo_1688566375861.svg was preloaded using link preload but not used within a few seconds from the window's load event. Please make sure it has an appropriate `as` value and it is preloaded intentionally. @ https://www.trendyol.com/:0
[   17174ms] [WARNING] The resource https://cdn.dsmcdn.com/sfweb-browsing/images/applink-qr_1688509787915.svg was preloaded using link preload but not used within a few seconds from the window's load event. Please make sure it has an appropriate `as` value and it is preloaded intentionally. @ https://www.trendyol.com/:0
[   17174ms] [WARNING] The resource https://cdn.dsmcdn.com/sfweb-browsing/images/image_placeholder_1667898087975.svg was preloaded using link preload but not used within a few seconds from the window's load event. Please make sure it has an appropriate `as` value and it is preloaded intentionally. @ https://www.trendyol.com/:0
[   17175ms] [WARNING] The resource https://cdn.dsmcdn.com/sfweb-browsing/images/right-arrow-666_1681212527349.svg was preloaded using link preload but not used within a few seconds from the window's load event. Please make sure it has an appropriate `as` value and it is preloaded intentionally. @ https://www.trendyol.com/:0
[   17175ms] [WARNING] The resource https://cdn.dsmcdn.com/sfweb-browsing/images/chevron_right_1664873821482.svg was preloaded using link preload but not used within a few seconds from the window's load event. Please make sure it has an appropriate `as` value and it is preloaded intentionally. @ https://www.trendyol.com/:0
[   17176ms] [WARNING] The resource https://cdn.dsmcdn.com/sfweb-browsing/images/phone_1688466833841.svg was preloaded using link preload but not used within a few seconds from the window's load event. Please make sure it has an appropriate `as` value and it is preloaded intentionally. @ https://www.trendyol.com/:0
[   17176ms] [WARNING] The resource https://cdn.dsmcdn.com/sfweb-browsing/images/favorite-full_1710931888359.svg was preloaded using link preload but not used within a few seconds from the window's load event. Please make sure it has an appropriate `as` value and it is preloaded intentionally. @ https://www.trendyol.com/:0
[   17176ms] [WARNING] The resource https://cdn.dsmcdn.com/sfweb-browsing/images/favorite-empty_1710931888359.svg was preloaded using link preload but not used within a few seconds from the window's load event. Please make sure it has an appropriate `as` value and it is preloaded intentionally. @ https://www.trendyol.com/:0
[   17176ms] [WARNING] The resource https://cdn.dsmcdn.com/sfweb-browsing/images/ticket-badge.svg was preloaded using link preload but not used within a few seconds from the window's load event. Please make sure it has an appropriate `as` value and it is preloaded intentionally. @ https://www.trendyol.com/:0
[   17176ms] [WARNING] The resource https://cdn.dsmcdn.com/sfweb-browsing/images/default_placeholder.5b423338f74da23338e49ead05d8c6d5.jpg was preloaded using link preload but not used within a few seconds from the window's load event. Please make sure it has an appropriate `as` value and it is preloaded intentionally. @ https://www.trendyol.com/:0
[  222329ms] [ERROR] Props of web-navigation-account-menu fragment is not present! @ https://cdn.dsmcdn.com/sfweb-account-order/master/web-navigation-account-menu.bundle.0ca2f2c3.js:0
[  222335ms] [ERROR] Props of sd-basket-highlight fragment is not present! @ https://cdn.dsmcdn.com/sfweb-checkout/master/sd-basket-highlight.bundle.b0b736e9.js:0
[  222452ms] [LOG] Ring check is less than one hour 1783681125171 @ https://cdn.dsmcdn.com/sfx/mergen/0.12.0/errors.Do84N2pE.js:0
[  222455ms] [LOG] KBT "RemoveFromBasket" initialized successfully. @ https://cdn.dsmcdn.com/sfx/mergen/0.12.0/errors.Do84N2pE.js:0
[  222461ms] [LOG] Ring check is less than one hour 1783681125171 @ https://cdn.dsmcdn.com/sfx/mergen/0.12.0/errors.Do84N2pE.js:0
[  222462ms] [LOG] KBT "AddToBasket" initialized successfully. @ https://cdn.dsmcdn.com/sfx/mergen/0.12.0/errors.Do84N2pE.js:0
[  229608ms] [WARNING] The resource https://cdn.dsmcdn.com/sfweb-browsing/images/free-shipping-badge.svg was preloaded using link preload but not used within a few seconds from the window's load event. Please make sure it has an appropriate `as` value and it is preloaded intentionally. @ https://www.trendyol.com/butik/liste/5/elektronik:0
[  229609ms] [WARNING] The resource https://cdn.dsmcdn.com/sfweb-browsing/images/flash_sale_double_1724224659182.svg was preloaded using link preload but not used within a few seconds from the window's load event. Please make sure it has an appropriate `as` value and it is preloaded intentionally. @ https://www.trendyol.com/butik/liste/5/elektronik:0
[  229609ms] [WARNING] The resource https://cdn.dsmcdn.com/sfweb-browsing/images/chevron_left_1673961834064.svg was preloaded using link preload but not used within a few seconds from the window's load event. Please make sure it has an appropriate `as` value and it is preloaded intentionally. @ https://www.trendyol.com/butik/liste/5/elektronik:0
[  229609ms] [WARNING] The resource https://cdn.dsmcdn.com/sfweb-browsing/images/ticket_1668501636309.svg was preloaded using link preload but not used within a few seconds from the window's load event. Please make sure it has an appropriate `as` value and it is preloaded intentionally. @ https://www.trendyol.com/butik/liste/5/elektronik:0
[  229609ms] [WARNING] The resource https://cdn.dsmcdn.com/sfweb-browsing/images/coupon-badge.svg was preloaded using link preload but not used within a few seconds from the window's load event. Please make sure it has an appropriate `as` value and it is preloaded intentionally. @ https://www.trendyol.com/butik/liste/5/elektronik:0
[  229609ms] [WARNING] The resource https://cdn.dsmcdn.com/sfweb-browsing/images/trendyol-logo_1688566375861.svg was preloaded using link preload but not used within a few seconds from the window's load event. Please make sure it has an appropriate `as` value and it is preloaded intentionally. @ https://www.trendyol.com/butik/liste/5/elektronik:0
[  229610ms] [WARNING] The resource https://cdn.dsmcdn.com/sfweb-browsing/images/applink-qr_1688509787915.svg was preloaded using link preload but not used within a few seconds from the window's load event. Please make sure it has an appropriate `as` value and it is preloaded intentionally. @ https://www.trendyol.com/butik/liste/5/elektronik:0
[  229611ms] [WARNING] The resource https://cdn.dsmcdn.com/sfweb-browsing/images/image_placeholder_1667898087975.svg was preloaded using link preload but not used within a few seconds from the window's load event. Please make sure it has an appropriate `as` value and it is preloaded intentionally. @ https://www.trendyol.com/butik/liste/5/elektronik:0
[  229611ms] [WARNING] The resource https://cdn.dsmcdn.com/sfweb-browsing/images/right-arrow-666_1681212527349.svg was preloaded using link preload but not used within a few seconds from the window's load event. Please make sure it has an appropriate `as` value and it is preloaded intentionally. @ https://www.trendyol.com/butik/liste/5/elektronik:0
[  229611ms] [WARNING] The resource https://cdn.dsmcdn.com/sfweb-browsing/images/chevron_right_1664873821482.svg was preloaded using link preload but not used within a few seconds from the window's load event. Please make sure it has an appropriate `as` value and it is preloaded intentionally. @ https://www.trendyol.com/butik/liste/5/elektronik:0
[  229611ms] [WARNING] The resource https://cdn.dsmcdn.com/sfweb-browsing/images/phone_1688466833841.svg was preloaded using link preload but not used within a few seconds from the window's load event. Please make sure it has an appropriate `as` value and it is preloaded intentionally. @ https://www.trendyol.com/butik/liste/5/elektronik:0
[  229612ms] [WARNING] The resource https://cdn.dsmcdn.com/sfweb-browsing/images/favorite-full_1710931888359.svg was preloaded using link preload but not used within a few seconds from the window's load event. Please make sure it has an appropriate `as` value and it is preloaded intentionally. @ https://www.trendyol.com/butik/liste/5/elektronik:0
[  229612ms] [WARNING] The resource https://cdn.dsmcdn.com/sfweb-browsing/images/favorite-empty_1710931888359.svg was preloaded using link preload but not used within a few seconds from the window's load event. Please make sure it has an appropriate `as` value and it is preloaded intentionally. @ https://www.trendyol.com/butik/liste/5/elektronik:0
[  229612ms] [WARNING] The resource https://cdn.dsmcdn.com/sfweb-browsing/images/ticket-badge.svg was preloaded using link preload but not used within a few seconds from the window's load event. Please make sure it has an appropriate `as` value and it is preloaded intentionally. @ https://www.trendyol.com/butik/liste/5/elektronik:0
[  229612ms] [WARNING] The resource https://cdn.dsmcdn.com/sfweb-browsing/images/default_placeholder.5b423338f74da23338e49ead05d8c6d5.jpg was preloaded using link preload but not used within a few seconds from the window's load event. Please make sure it has an appropriate `as` value and it is preloaded intentionally. @ https://www.trendyol.com/butik/liste/5/elektronik:0
[  474701ms] [LOG] Ring check is less than one hour 1783681125171 @ https://cdn.dsmcdn.com/sfx/mergen/0.12.0/errors.Do84N2pE.js:0
[  474717ms] [LOG] Ring check is less than one hour 1783681125171 @ https://cdn.dsmcdn.com/sfx/mergen/0.12.0/errors.Do84N2pE.js:0
[  475826ms] [ERROR] Props of sd-basket-highlight fragment is not present! @ https://cdn.dsmcdn.com/sfx/mergen/0.12.0/errors.Do84N2pE.js:0
[  475834ms] [ERROR] Props of web-navigation-account-menu fragment is not present! @ https://cdn.dsmcdn.com/sfx/mergen/0.12.0/errors.Do84N2pE.js:0
[  475866ms] [LOG] KBT "RemoveFromBasket" initialized successfully. @ https://cdn.dsmcdn.com/sfx/mergen/0.12.0/errors.Do84N2pE.js:0
[  475867ms] [LOG] KBT "AddToBasket" initialized successfully. @ https://cdn.dsmcdn.com/sfx/mergen/0.12.0/errors.Do84N2pE.js:0
