[    2929ms] [ERROR] Props of web-navigation-account-menu fragment is not present! @ https://cdn.dsmcdn.com/sfweb-account-order/master/web-navigation-account-menu.bundle.0ca2f2c3.js:0
[    2963ms] [LOG] Ring check is less than one hour 1783675215032 @ https://cdn.dsmcdn.com/sfx/mergen/0.12.0/errors.Do84N2pE.js:0
[    2972ms] [LOG] Ring check is less than one hour 1783675215032 @ https://cdn.dsmcdn.com/sfx/mergen/0.12.0/errors.Do84N2pE.js:0
[    2977ms] [LOG] Ring check is less than one hour 1783675215032 @ https://cdn.dsmcdn.com/sfx/mergen/0.12.0/errors.Do84N2pE.js:0
[    2978ms] [LOG] KBT "RemoveFromBasket" initialized successfully. @ https://cdn.dsmcdn.com/sfx/mergen/0.12.0/errors.Do84N2pE.js:0
[    2982ms] [LOG] Ring check is less than one hour 1783675215032 @ https://cdn.dsmcdn.com/sfx/mergen/0.12.0/errors.Do84N2pE.js:0
[    2982ms] [LOG] KBT "AddToBasket" initialized successfully. @ https://cdn.dsmcdn.com/sfx/mergen/0.12.0/errors.Do84N2pE.js:0
[    2985ms] Uncaught (in promise) Error: Minified React error #299; visit https://react.dev/errors/299 for the full message or use the non-minified dev environment for full errors and additional helpful warnings.
    at <anonymous> (https://cdn.dsmcdn.com/sfweb/static/react-19.2.6.js:0:174080)
    at <anonymous> (https://cdn.dsmcdn.com/sfweb-checkout/master/sd-basket-highlight.bundle.b0b736e9.js:0:6119)
    at <anonymous> (https://cdn.dsmcdn.com/sfweb-checkout/master/sd-basket-highlight.bundle.b0b736e9.js:0:3559)
    at Z (https://cdn.dsmcdn.com/sfweb-checkout/master/sd-basket-highlight.bundle.b0b736e9.js:0:566)
    at i (https://cdn.dsmcdn.com/sfweb-checkout/master/sd-basket-highlight.bundle.b0b736e9.js:0:763)
[   11245ms] [WARNING] The resource https://cdn.dsmcdn.com/sfweb-browsing/images/free-shipping-badge.svg was preloaded using link preload but not used within a few seconds from the window's load event. Please make sure it has an appropriate `as` value and it is preloaded intentionally. @ https://www.trendyol.com/:0
[   11245ms] [WARNING] The resource https://cdn.dsmcdn.com/sfweb-browsing/images/flash_sale_double_1724224659182.svg was preloaded using link preload but not used within a few seconds from the window's load event. Please make sure it has an appropriate `as` value and it is preloaded intentionally. @ https://www.trendyol.com/:0
[   11245ms] [WARNING] The resource https://cdn.dsmcdn.com/sfweb-browsing/images/chevron_left_1673961834064.svg was preloaded using link preload but not used within a few seconds from the window's load event. Please make sure it has an appropriate `as` value and it is preloaded intentionally. @ https://www.trendyol.com/:0
[   11246ms] [WARNING] The resource https://cdn.dsmcdn.com/sfweb-browsing/images/ticket_1668501636309.svg was preloaded using link preload but not used within a few seconds from the window's load event. Please make sure it has an appropriate `as` value and it is preloaded intentionally. @ https://www.trendyol.com/:0
[   11246ms] [WARNING] The resource https://cdn.dsmcdn.com/sfweb-browsing/images/coupon-badge.svg was preloaded using link preload but not used within a few seconds from the window's load event. Please make sure it has an appropriate `as` value and it is preloaded intentionally. @ https://www.trendyol.com/:0
[   11246ms] [WARNING] The resource https://cdn.dsmcdn.com/sfweb-browsing/images/trendyol-logo_1688566375861.svg was preloaded using link preload but not used within a few seconds from the window's load event. Please make sure it has an appropriate `as` value and it is preloaded intentionally. @ https://www.trendyol.com/:0
[   11246ms] [WARNING] The resource https://cdn.dsmcdn.com/sfweb-browsing/images/applink-qr_1688509787915.svg was preloaded using link preload but not used within a few seconds from the window's load event. Please make sure it has an appropriate `as` value and it is preloaded intentionally. @ https://www.trendyol.com/:0
[   11247ms] [WARNING] The resource https://cdn.dsmcdn.com/sfweb-browsing/images/image_placeholder_1667898087975.svg was preloaded using link preload but not used within a few seconds from the window's load event. Please make sure it has an appropriate `as` value and it is preloaded intentionally. @ https://www.trendyol.com/:0
[   11247ms] [WARNING] The resource https://cdn.dsmcdn.com/sfweb-browsing/images/right-arrow-666_1681212527349.svg was preloaded using link preload but not used within a few seconds from the window's load event. Please make sure it has an appropriate `as` value and it is preloaded intentionally. @ https://www.trendyol.com/:0
[   11247ms] [WARNING] The resource https://cdn.dsmcdn.com/sfweb-browsing/images/chevron_right_1664873821482.svg was preloaded using link preload but not used within a few seconds from the window's load event. Please make sure it has an appropriate `as` value and it is preloaded intentionally. @ https://www.trendyol.com/:0
[   11248ms] [WARNING] The resource https://cdn.dsmcdn.com/sfweb-browsing/images/phone_1688466833841.svg was preloaded using link preload but not used within a few seconds from the window's load event. Please make sure it has an appropriate `as` value and it is preloaded intentionally. @ https://www.trendyol.com/:0
[   11248ms] [WARNING] The resource https://cdn.dsmcdn.com/sfweb-browsing/images/favorite-full_1710931888359.svg was preloaded using link preload but not used within a few seconds from the window's load event. Please make sure it has an appropriate `as` value and it is preloaded intentionally. @ https://www.trendyol.com/:0
[   11248ms] [WARNING] The resource https://cdn.dsmcdn.com/sfweb-browsing/images/favorite-empty_1710931888359.svg was preloaded using link preload but not used within a few seconds from the window's load event. Please make sure it has an appropriate `as` value and it is preloaded intentionally. @ https://www.trendyol.com/:0
[   11248ms] [WARNING] The resource https://cdn.dsmcdn.com/sfweb-browsing/images/ticket-badge.svg was preloaded using link preload but not used within a few seconds from the window's load event. Please make sure it has an appropriate `as` value and it is preloaded intentionally. @ https://www.trendyol.com/:0
[   11249ms] [WARNING] The resource https://cdn.dsmcdn.com/sfweb-browsing/images/default_placeholder.5b423338f74da23338e49ead05d8c6d5.jpg was preloaded using link preload but not used within a few seconds from the window's load event. Please make sure it has an appropriate `as` value and it is preloaded intentionally. @ https://www.trendyol.com/:0
[   47861ms] [WARNING] The resource https://cdn.dsmcdn.com/sfweb-browsing/images/free-shipping-badge.svg was preloaded using link preload but not used within a few seconds from the window's load event. Please make sure it has an appropriate `as` value and it is preloaded intentionally. @ https://www.trendyol.com/:0
[   47862ms] [WARNING] The resource https://cdn.dsmcdn.com/sfweb-browsing/images/flash_sale_double_1724224659182.svg was preloaded using link preload but not used within a few seconds from the window's load event. Please make sure it has an appropriate `as` value and it is preloaded intentionally. @ https://www.trendyol.com/:0
[   47862ms] [WARNING] The resource https://cdn.dsmcdn.com/sfweb-browsing/images/chevron_left_1673961834064.svg was preloaded using link preload but not used within a few seconds from the window's load event. Please make sure it has an appropriate `as` value and it is preloaded intentionally. @ https://www.trendyol.com/:0
[   47862ms] [WARNING] The resource https://cdn.dsmcdn.com/sfweb-browsing/images/ticket_1668501636309.svg was preloaded using link preload but not used within a few seconds from the window's load event. Please make sure it has an appropriate `as` value and it is preloaded intentionally. @ https://www.trendyol.com/:0
[   47862ms] [WARNING] The resource https://cdn.dsmcdn.com/sfweb-browsing/images/coupon-badge.svg was preloaded using link preload but not used within a few seconds from the window's load event. Please make sure it has an appropriate `as` value and it is preloaded intentionally. @ https://www.trendyol.com/:0
[   47862ms] [WARNING] The resource https://cdn.dsmcdn.com/sfweb-browsing/images/trendyol-logo_1688566375861.svg was preloaded using link preload but not used within a few seconds from the window's load event. Please make sure it has an appropriate `as` value and it is preloaded intentionally. @ https://www.trendyol.com/:0
[   47862ms] [WARNING] The resource https://cdn.dsmcdn.com/sfweb-browsing/images/applink-qr_1688509787915.svg was preloaded using link preload but not used within a few seconds from the window's load event. Please make sure it has an appropriate `as` value and it is preloaded intentionally. @ https://www.trendyol.com/:0
[   47862ms] [WARNING] The resource https://cdn.dsmcdn.com/sfweb-browsing/images/image_placeholder_1667898087975.svg was preloaded using link preload but not used within a few seconds from the window's load event. Please make sure it has an appropriate `as` value and it is preloaded intentionally. @ https://www.trendyol.com/:0
[   47862ms] [WARNING] The resource https://cdn.dsmcdn.com/sfweb-browsing/images/right-arrow-666_1681212527349.svg was preloaded using link preload but not used within a few seconds from the window's load event. Please make sure it has an appropriate `as` value and it is preloaded intentionally. @ https://www.trendyol.com/:0
[   47862ms] [WARNING] The resource https://cdn.dsmcdn.com/sfweb-browsing/images/chevron_right_1664873821482.svg was preloaded using link preload but not used within a few seconds from the window's load event. Please make sure it has an appropriate `as` value and it is preloaded intentionally. @ https://www.trendyol.com/:0
[   47862ms] [WARNING] The resource https://cdn.dsmcdn.com/sfweb-browsing/images/phone_1688466833841.svg was preloaded using link preload but not used within a few seconds from the window's load event. Please make sure it has an appropriate `as` value and it is preloaded intentionally. @ https://www.trendyol.com/:0
[   47862ms] [WARNING] The resource https://cdn.dsmcdn.com/sfweb-browsing/images/favorite-full_1710931888359.svg was preloaded using link preload but not used within a few seconds from the window's load event. Please make sure it has an appropriate `as` value and it is preloaded intentionally. @ https://www.trendyol.com/:0
[   47862ms] [WARNING] The resource https://cdn.dsmcdn.com/sfweb-browsing/images/favorite-empty_1710931888359.svg was preloaded using link preload but not used within a few seconds from the window's load event. Please make sure it has an appropriate `as` value and it is preloaded intentionally. @ https://www.trendyol.com/:0
[   47862ms] [WARNING] The resource https://cdn.dsmcdn.com/sfweb-browsing/images/ticket-badge.svg was preloaded using link preload but not used within a few seconds from the window's load event. Please make sure it has an appropriate `as` value and it is preloaded intentionally. @ https://www.trendyol.com/:0
[   47863ms] [WARNING] The resource https://cdn.dsmcdn.com/sfweb-browsing/images/default_placeholder.5b423338f74da23338e49ead05d8c6d5.jpg was preloaded using link preload but not used within a few seconds from the window's load event. Please make sure it has an appropriate `as` value and it is preloaded intentionally. @ https://www.trendyol.com/:0
[   76212ms] [WARNING] The resource https://cdn.dsmcdn.com/sfweb-browsing/images/free-shipping-badge.svg was preloaded using link preload but not used within a few seconds from the window's load event. Please make sure it has an appropriate `as` value and it is preloaded intentionally. @ https://www.trendyol.com/:0
[   76212ms] [WARNING] The resource https://cdn.dsmcdn.com/sfweb-browsing/images/flash_sale_double_1724224659182.svg was preloaded using link preload but not used within a few seconds from the window's load event. Please make sure it has an appropriate `as` value and it is preloaded intentionally. @ https://www.trendyol.com/:0
[   76213ms] [WARNING] The resource https://cdn.dsmcdn.com/sfweb-browsing/images/chevron_left_1673961834064.svg was preloaded using link preload but not used within a few seconds from the window's load event. Please make sure it has an appropriate `as` value and it is preloaded intentionally. @ https://www.trendyol.com/:0
[   76213ms] [WARNING] The resource https://cdn.dsmcdn.com/sfweb-browsing/images/ticket_1668501636309.svg was preloaded using link preload but not used within a few seconds from the window's load event. Please make sure it has an appropriate `as` value and it is preloaded intentionally. @ https://www.trendyol.com/:0
[   76213ms] [WARNING] The resource https://cdn.dsmcdn.com/sfweb-browsing/images/coupon-badge.svg was preloaded using link preload but not used within a few seconds from the window's load event. Please make sure it has an appropriate `as` value and it is preloaded intentionally. @ https://www.trendyol.com/:0
[   76213ms] [WARNING] The resource https://cdn.dsmcdn.com/sfweb-browsing/images/trendyol-logo_1688566375861.svg was preloaded using link preload but not used within a few seconds from the window's load event. Please make sure it has an appropriate `as` value and it is preloaded intentionally. @ https://www.trendyol.com/:0
[   76213ms] [WARNING] The resource https://cdn.dsmcdn.com/sfweb-browsing/images/applink-qr_1688509787915.svg was preloaded using link preload but not used within a few seconds from the window's load event. Please make sure it has an appropriate `as` value and it is preloaded intentionally. @ https://www.trendyol.com/:0
[   76213ms] [WARNING] The resource https://cdn.dsmcdn.com/sfweb-browsing/images/image_placeholder_1667898087975.svg was preloaded using link preload but not used within a few seconds from the window's load event. Please make sure it has an appropriate `as` value and it is preloaded intentionally. @ https://www.trendyol.com/:0
[   76213ms] [WARNING] The resource https://cdn.dsmcdn.com/sfweb-browsing/images/right-arrow-666_1681212527349.svg was preloaded using link preload but not used within a few seconds from the window's load event. Please make sure it has an appropriate `as` value and it is preloaded intentionally. @ https://www.trendyol.com/:0
[   76213ms] [WARNING] The resource https://cdn.dsmcdn.com/sfweb-browsing/images/chevron_right_1664873821482.svg was preloaded using link preload but not used within a few seconds from the window's load event. Please make sure it has an appropriate `as` value and it is preloaded intentionally. @ https://www.trendyol.com/:0
[   76213ms] [WARNING] The resource https://cdn.dsmcdn.com/sfweb-browsing/images/phone_1688466833841.svg was preloaded using link preload but not used within a few seconds from the window's load event. Please make sure it has an appropriate `as` value and it is preloaded intentionally. @ https://www.trendyol.com/:0
[   76213ms] [WARNING] The resource https://cdn.dsmcdn.com/sfweb-browsing/images/favorite-full_1710931888359.svg was preloaded using link preload but not used within a few seconds from the window's load event. Please make sure it has an appropriate `as` value and it is preloaded intentionally. @ https://www.trendyol.com/:0
[   76213ms] [WARNING] The resource https://cdn.dsmcdn.com/sfweb-browsing/images/favorite-empty_1710931888359.svg was preloaded using link preload but not used within a few seconds from the window's load event. Please make sure it has an appropriate `as` value and it is preloaded intentionally. @ https://www.trendyol.com/:0
[   76214ms] [WARNING] The resource https://cdn.dsmcdn.com/sfweb-browsing/images/ticket-badge.svg was preloaded using link preload but not used within a few seconds from the window's load event. Please make sure it has an appropriate `as` value and it is preloaded intentionally. @ https://www.trendyol.com/:0
[   76214ms] [WARNING] The resource https://cdn.dsmcdn.com/sfweb-browsing/images/default_placeholder.5b423338f74da23338e49ead05d8c6d5.jpg was preloaded using link preload but not used within a few seconds from the window's load event. Please make sure it has an appropriate `as` value and it is preloaded intentionally. @ https://www.trendyol.com/:0
[   87912ms] [WARNING] The resource https://cdn.dsmcdn.com/sfweb-browsing/images/free-shipping-badge.svg was preloaded using link preload but not used within a few seconds from the window's load event. Please make sure it has an appropriate `as` value and it is preloaded intentionally. @ https://www.trendyol.com/:0
[   87912ms] [WARNING] The resource https://cdn.dsmcdn.com/sfweb-browsing/images/flash_sale_double_1724224659182.svg was preloaded using link preload but not used within a few seconds from the window's load event. Please make sure it has an appropriate `as` value and it is preloaded intentionally. @ https://www.trendyol.com/:0
[   87913ms] [WARNING] The resource https://cdn.dsmcdn.com/sfweb-browsing/images/chevron_left_1673961834064.svg was preloaded using link preload but not used within a few seconds from the window's load event. Please make sure it has an appropriate `as` value and it is preloaded intentionally. @ https://www.trendyol.com/:0
[   87913ms] [WARNING] The resource https://cdn.dsmcdn.com/sfweb-browsing/images/ticket_1668501636309.svg was preloaded using link preload but not used within a few seconds from the window's load event. Please make sure it has an appropriate `as` value and it is preloaded intentionally. @ https://www.trendyol.com/:0
[   87914ms] [WARNING] The resource https://cdn.dsmcdn.com/sfweb-browsing/images/coupon-badge.svg was preloaded using link preload but not used within a few seconds from the window's load event. Please make sure it has an appropriate `as` value and it is preloaded intentionally. @ https://www.trendyol.com/:0
[   87914ms] [WARNING] The resource https://cdn.dsmcdn.com/sfweb-browsing/images/trendyol-logo_1688566375861.svg was preloaded using link preload but not used within a few seconds from the window's load event. Please make sure it has an appropriate `as` value and it is preloaded intentionally. @ https://www.trendyol.com/:0
[   87914ms] [WARNING] The resource https://cdn.dsmcdn.com/sfweb-browsing/images/applink-qr_1688509787915.svg was preloaded using link preload but not used within a few seconds from the window's load event. Please make sure it has an appropriate `as` value and it is preloaded intentionally. @ https://www.trendyol.com/:0
[   87914ms] [WARNING] The resource https://cdn.dsmcdn.com/sfweb-browsing/images/image_placeholder_1667898087975.svg was preloaded using link preload but not used within a few seconds from the window's load event. Please make sure it has an appropriate `as` value and it is preloaded intentionally. @ https://www.trendyol.com/:0
[   87914ms] [WARNING] The resource https://cdn.dsmcdn.com/sfweb-browsing/images/right-arrow-666_1681212527349.svg was preloaded using link preload but not used within a few seconds from the window's load event. Please make sure it has an appropriate `as` value and it is preloaded intentionally. @ https://www.trendyol.com/:0
[   87914ms] [WARNING] The resource https://cdn.dsmcdn.com/sfweb-browsing/images/chevron_right_1664873821482.svg was preloaded using link preload but not used within a few seconds from the window's load event. Please make sure it has an appropriate `as` value and it is preloaded intentionally. @ https://www.trendyol.com/:0
[   87914ms] [WARNING] The resource https://cdn.dsmcdn.com/sfweb-browsing/images/phone_1688466833841.svg was preloaded using link preload but not used within a few seconds from the window's load event. Please make sure it has an appropriate `as` value and it is preloaded intentionally. @ https://www.trendyol.com/:0
[   87914ms] [WARNING] The resource https://cdn.dsmcdn.com/sfweb-browsing/images/favorite-full_1710931888359.svg was preloaded using link preload but not used within a few seconds from the window's load event. Please make sure it has an appropriate `as` value and it is preloaded intentionally. @ https://www.trendyol.com/:0
[   87914ms] [WARNING] The resource https://cdn.dsmcdn.com/sfweb-browsing/images/favorite-empty_1710931888359.svg was preloaded using link preload but not used within a few seconds from the window's load event. Please make sure it has an appropriate `as` value and it is preloaded intentionally. @ https://www.trendyol.com/:0
[   87915ms] [WARNING] The resource https://cdn.dsmcdn.com/sfweb-browsing/images/ticket-badge.svg was preloaded using link preload but not used within a few seconds from the window's load event. Please make sure it has an appropriate `as` value and it is preloaded intentionally. @ https://www.trendyol.com/:0
[   87915ms] [WARNING] The resource https://cdn.dsmcdn.com/sfweb-browsing/images/default_placeholder.5b423338f74da23338e49ead05d8c6d5.jpg was preloaded using link preload but not used within a few seconds from the window's load event. Please make sure it has an appropriate `as` value and it is preloaded intentionally. @ https://www.trendyol.com/:0
[  476368ms] [WARNING] The resource https://cdn.dsmcdn.com/sfweb-browsing/images/free-shipping-badge.svg was preloaded using link preload but not used within a few seconds from the window's load event. Please make sure it has an appropriate `as` value and it is preloaded intentionally. @ https://www.trendyol.com/:0
[  476369ms] [WARNING] The resource https://cdn.dsmcdn.com/sfweb-browsing/images/flash_sale_double_1724224659182.svg was preloaded using link preload but not used within a few seconds from the window's load event. Please make sure it has an appropriate `as` value and it is preloaded intentionally. @ https://www.trendyol.com/:0
[  476369ms] [WARNING] The resource https://cdn.dsmcdn.com/sfweb-browsing/images/chevron_left_1673961834064.svg was preloaded using link preload but not used within a few seconds from the window's load event. Please make sure it has an appropriate `as` value and it is preloaded intentionally. @ https://www.trendyol.com/:0
[  476369ms] [WARNING] The resource https://cdn.dsmcdn.com/sfweb-browsing/images/ticket_1668501636309.svg was preloaded using link preload but not used within a few seconds from the window's load event. Please make sure it has an appropriate `as` value and it is preloaded intentionally. @ https://www.trendyol.com/:0
[  476369ms] [WARNING] The resource https://cdn.dsmcdn.com/sfweb-browsing/images/coupon-badge.svg was preloaded using link preload but not used within a few seconds from the window's load event. Please make sure it has an appropriate `as` value and it is preloaded intentionally. @ https://www.trendyol.com/:0
[  476369ms] [WARNING] The resource https://cdn.dsmcdn.com/sfweb-browsing/images/trendyol-logo_1688566375861.svg was preloaded using link preload but not used within a few seconds from the window's load event. Please make sure it has an appropriate `as` value and it is preloaded intentionally. @ https://www.trendyol.com/:0
[  476369ms] [WARNING] The resource https://cdn.dsmcdn.com/sfweb-browsing/images/applink-qr_1688509787915.svg was preloaded using link preload but not used within a few seconds from the window's load event. Please make sure it has an appropriate `as` value and it is preloaded intentionally. @ https://www.trendyol.com/:0
[  476369ms] [WARNING] The resource https://cdn.dsmcdn.com/sfweb-browsing/images/image_placeholder_1667898087975.svg was preloaded using link preload but not used within a few seconds from the window's load event. Please make sure it has an appropriate `as` value and it is preloaded intentionally. @ https://www.trendyol.com/:0
[  476369ms] [WARNING] The resource https://cdn.dsmcdn.com/sfweb-browsing/images/right-arrow-666_1681212527349.svg was preloaded using link preload but not used within a few seconds from the window's load event. Please make sure it has an appropriate `as` value and it is preloaded intentionally. @ https://www.trendyol.com/:0
[  476369ms] [WARNING] The resource https://cdn.dsmcdn.com/sfweb-browsing/images/chevron_right_1664873821482.svg was preloaded using link preload but not used within a few seconds from the window's load event. Please make sure it has an appropriate `as` value and it is preloaded intentionally. @ https://www.trendyol.com/:0
[  476369ms] [WARNING] The resource https://cdn.dsmcdn.com/sfweb-browsing/images/phone_1688466833841.svg was preloaded using link preload but not used within a few seconds from the window's load event. Please make sure it has an appropriate `as` value and it is preloaded intentionally. @ https://www.trendyol.com/:0
[  476369ms] [WARNING] The resource https://cdn.dsmcdn.com/sfweb-browsing/images/favorite-full_1710931888359.svg was preloaded using link preload but not used within a few seconds from the window's load event. Please make sure it has an appropriate `as` value and it is preloaded intentionally. @ https://www.trendyol.com/:0
[  476369ms] [WARNING] The resource https://cdn.dsmcdn.com/sfweb-browsing/images/favorite-empty_1710931888359.svg was preloaded using link preload but not used within a few seconds from the window's load event. Please make sure it has an appropriate `as` value and it is preloaded intentionally. @ https://www.trendyol.com/:0
[  476369ms] [WARNING] The resource https://cdn.dsmcdn.com/sfweb-browsing/images/ticket-badge.svg was preloaded using link preload but not used within a few seconds from the window's load event. Please make sure it has an appropriate `as` value and it is preloaded intentionally. @ https://www.trendyol.com/:0
[  476369ms] [WARNING] The resource https://cdn.dsmcdn.com/sfweb-browsing/images/default_placeholder.5b423338f74da23338e49ead05d8c6d5.jpg was preloaded using link preload but not used within a few seconds from the window's load event. Please make sure it has an appropriate `as` value and it is preloaded intentionally. @ https://www.trendyol.com/:0
